2020-08-06 17:22:36,173 DEBUG [main] BasicClientConnectionManager:161 - Get connection for route {s}->https://www.change2testautomation.com:443
2020-08-06 17:22:36,193 DEBUG [main] DefaultClientConnectionOperator:177 - Connecting to www.change2testautomation.com:443
2020-08-06 17:22:37,948 DEBUG [main] RequestAddCookies:123 - CookieSpec selected: ignoreCookies
2020-08-06 17:22:37,950 DEBUG [main] RequestAuthCache:77 - Auth cache not set in the context
2020-08-06 17:22:37,950 DEBUG [main] RequestTargetAuthentication:80 - Target auth state: UNCHALLENGED
2020-08-06 17:22:37,951 DEBUG [main] RequestProxyAuthentication:89 - Proxy auth state: UNCHALLENGED
2020-08-06 17:22:37,952 DEBUG [main] DefaultHttpClient:682 - Attempt 1 to execute request
2020-08-06 17:22:37,952 DEBUG [main] DefaultClientConnection:274 - Sending request: POST /api/insert.php HTTP/1.1
2020-08-06 17:22:37,953 DEBUG [main] wire:73 -  >> "POST /api/insert.php HTTP/1.1[\r][\n]"
2020-08-06 17:22:37,954 DEBUG [main] wire:73 -  >> "Accept: */*[\r][\n]"
2020-08-06 17:22:37,954 DEBUG [main] wire:73 -  >> "Content-Type: application/json; charset=UTF-8[\r][\n]"
2020-08-06 17:22:37,955 DEBUG [main] wire:73 -  >> "Content-Length: 85[\r][\n]"
2020-08-06 17:22:37,955 DEBUG [main] wire:73 -  >> "Host: www.change2testautomation.com[\r][\n]"
2020-08-06 17:22:37,955 DEBUG [main] wire:73 -  >> "Connection: Keep-Alive[\r][\n]"
2020-08-06 17:22:37,955 DEBUG [main] wire:73 -  >> "User-Agent: Apache-HttpClient/4.5.3 (Java/1.8.0_241)[\r][\n]"
2020-08-06 17:22:37,955 DEBUG [main] wire:73 -  >> "Accept-Encoding: gzip,deflate[\r][\n]"
2020-08-06 17:22:37,957 DEBUG [main] wire:73 -  >> "[\r][\n]"
2020-08-06 17:22:37,957 DEBUG [main] headers:278 - >> POST /api/insert.php HTTP/1.1
2020-08-06 17:22:37,957 DEBUG [main] headers:281 - >> Accept: */*
2020-08-06 17:22:37,957 DEBUG [main] headers:281 - >> Content-Type: application/json; charset=UTF-8
2020-08-06 17:22:37,957 DEBUG [main] headers:281 - >> Content-Length: 85
2020-08-06 17:22:37,958 DEBUG [main] headers:281 - >> Host: www.change2testautomation.com
2020-08-06 17:22:37,958 DEBUG [main] headers:281 - >> Connection: Keep-Alive
2020-08-06 17:22:37,958 DEBUG [main] headers:281 - >> User-Agent: Apache-HttpClient/4.5.3 (Java/1.8.0_241)
2020-08-06 17:22:37,959 DEBUG [main] headers:281 - >> Accept-Encoding: gzip,deflate
2020-08-06 17:22:37,959 DEBUG [main] wire:73 -  >> "{[\r][\n]"
2020-08-06 17:22:37,959 DEBUG [main] wire:73 -  >> "         "title": "edwin",[\r][\n]"
2020-08-06 17:22:37,959 DEBUG [main] wire:73 -  >> "        "body": "b10",[\r][\n]"
2020-08-06 17:22:37,960 DEBUG [main] wire:73 -  >> "        "author": "c10"[\r][\n]"
2020-08-06 17:22:37,960 DEBUG [main] wire:87 -  >> "    }"
2020-08-06 17:22:38,417 DEBUG [main] wire:73 -  << "HTTP/1.1 200 OK[\r][\n]"
2020-08-06 17:22:38,421 DEBUG [main] wire:73 -  << "Date: Thu, 06 Aug 2020 22:22:38 GMT[\r][\n]"
2020-08-06 17:22:38,422 DEBUG [main] wire:73 -  << "Server: Apache[\r][\n]"
2020-08-06 17:22:38,422 DEBUG [main] wire:73 -  << "X-Powered-By: PHP/5.6.40[\r][\n]"
2020-08-06 17:22:38,423 DEBUG [main] wire:73 -  << "Access-Control-Allow-Origin: *[\r][\n]"
2020-08-06 17:22:38,423 DEBUG [main] wire:73 -  << "Access-Control-Allow-Methods: POST[\r][\n]"
2020-08-06 17:22:38,425 DEBUG [main] wire:73 -  << "Access-Control-Allow-Headers: Content-Type, Access-Control-Allow-Headers, Authorization, X-Requested-With[\r][\n]"
2020-08-06 17:22:38,425 DEBUG [main] wire:73 -  << "Upgrade: h2,h2c[\r][\n]"
2020-08-06 17:22:38,425 DEBUG [main] wire:73 -  << "Connection: Upgrade[\r][\n]"
2020-08-06 17:22:38,427 DEBUG [main] wire:73 -  << "Content-Length: 40[\r][\n]"
2020-08-06 17:22:38,427 DEBUG [main] wire:73 -  << "Content-Type: application/json; charset=UTF-8[\r][\n]"
2020-08-06 17:22:38,427 DEBUG [main] wire:73 -  << "[\r][\n]"
2020-08-06 17:22:38,428 DEBUG [main] DefaultClientConnection:259 - Receiving response: HTTP/1.1 200 OK
2020-08-06 17:22:38,429 DEBUG [main] headers:262 - << HTTP/1.1 200 OK
2020-08-06 17:22:38,430 DEBUG [main] headers:265 - << Date: Thu, 06 Aug 2020 22:22:38 GMT
2020-08-06 17:22:38,431 DEBUG [main] headers:265 - << Server: Apache
2020-08-06 17:22:38,432 DEBUG [main] headers:265 - << X-Powered-By: PHP/5.6.40
2020-08-06 17:22:38,432 DEBUG [main] headers:265 - << Access-Control-Allow-Origin: *
2020-08-06 17:22:38,433 DEBUG [main] headers:265 - << Access-Control-Allow-Methods: POST
2020-08-06 17:22:38,434 DEBUG [main] headers:265 - << Access-Control-Allow-Headers: Content-Type, Access-Control-Allow-Headers, Authorization, X-Requested-With
2020-08-06 17:22:38,434 DEBUG [main] headers:265 - << Upgrade: h2,h2c
2020-08-06 17:22:38,435 DEBUG [main] headers:265 - << Connection: Upgrade
2020-08-06 17:22:38,435 DEBUG [main] headers:265 - << Content-Length: 40
2020-08-06 17:22:38,436 DEBUG [main] headers:265 - << Content-Type: application/json; charset=UTF-8
2020-08-06 17:22:38,443 DEBUG [main] DefaultHttpClient:509 - Connection can be kept alive indefinitely
2020-08-06 17:22:38,467 DEBUG [main] RequestSpecificationImpl$RestAssuredHttpBuilder:545 - Parsing response as: application/json; charset=UTF-8
2020-08-06 17:22:38,467 DEBUG [main] RequestSpecificationImpl$RestAssuredHttpBuilder:548 - Parsed data to instance of: class org.apache.http.conn.EofSensorInputStream
2020-08-06 17:22:38,510 DEBUG [main] wire:87 -  << "{"message":"Data Inserted Successfully"}"
2020-08-06 17:22:38,513 DEBUG [main] BasicClientConnectionManager:200 - Releasing connection org.apache.http.impl.conn.ManagedClientConnectionImpl@7a34b7b8
2020-08-06 17:22:38,514 DEBUG [main] BasicClientConnectionManager:225 - Connection can be kept alive indefinitely
2020-08-06 17:22:38,531  INFO [main] Apiutility:84 - ************responsemessage******************************
